  [1m[36m (1.2ms)[0m  [1mCREATE TABLE "schema_migrations" ("version" varchar NOT NULL) [0m
  [1m[35m (0.1ms)[0m  select sqlite_version(*)
  [1m[36m (0.9ms)[0m  [1mCREATE UNIQUE INDEX "unique_schema_migrations" ON "schema_migrations" ("version")[0m
  [1m[35mActiveRecord::SchemaMigration Load (0.1ms)[0m  SELECT "schema_migrations".* FROM "schema_migrations"
Migrating to CreatePigContentPackages (20150522103016)
  [1m[36m (0.1ms)[0m  [1mbegin transaction[0m
DEPRECATION WARNING: `#timestamp` was called without specifying an option for `null`. In Rails 5, this behavior will change to `null: false`. You should manually specify `null: true` to prevent the behavior of your existing migrations from changing. (called from block in change at /Users/Woodcock/Rails/Gems/pig/db/migrate/20150522103016_create_pig_content_packages.rb:19)
  [1m[35m (0.3ms)[0m  CREATE TABLE "pig_content_packages" ("id" INTEGER PRIMARY KEY AUTOINCREMENT NOT NULL, "slug" varchar, "name" varchar, "content_type_id" integer, "position" integer DEFAULT 0, "parent_id" integer, "author_id" integer, "requested_by_id" integer, "status" varchar DEFAULT 'draft', "logged_in_only" boolean DEFAULT 'f', "hide_from_robots" boolean DEFAULT 'f', "notes" text, "due_date" date, "review_frequency" integer, "next_review" date, "deleted_at" datetime, "created_at" datetime, "updated_at" datetime) 
  [1m[36m (0.1ms)[0m  [1mCREATE  INDEX "index_content_packages_on_parent_id" ON "content_packages" ("parent_id")[0m
SQLite3::SQLException: no such table: main.content_packages: CREATE  INDEX "index_content_packages_on_parent_id" ON "content_packages" ("parent_id")
  [1m[35m (0.4ms)[0m  rollback transaction
  [1m[36mActiveRecord::SchemaMigration Load (0.1ms)[0m  [1mSELECT "schema_migrations".* FROM "schema_migrations"[0m
Migrating to CreatePigContentPackages (20150522103016)
  [1m[35m (0.1ms)[0m  begin transaction
DEPRECATION WARNING: `#timestamp` was called without specifying an option for `null`. In Rails 5, this behavior will change to `null: false`. You should manually specify `null: true` to prevent the behavior of your existing migrations from changing. (called from block in change at /Users/Woodcock/Rails/Gems/pig/db/migrate/20150522103016_create_pig_content_packages.rb:19)
  [1m[36m (0.5ms)[0m  [1mCREATE TABLE "pig_content_packages" ("id" INTEGER PRIMARY KEY AUTOINCREMENT NOT NULL, "slug" varchar, "name" varchar, "content_type_id" integer, "position" integer DEFAULT 0, "parent_id" integer, "author_id" integer, "requested_by_id" integer, "status" varchar DEFAULT 'draft', "logged_in_only" boolean DEFAULT 'f', "hide_from_robots" boolean DEFAULT 'f', "notes" text, "due_date" date, "review_frequency" integer, "next_review" date, "deleted_at" datetime, "created_at" datetime, "updated_at" datetime) [0m
  [1m[35m (0.1ms)[0m  select sqlite_version(*)
  [1m[36m (0.1ms)[0m  [1mCREATE  INDEX "index_content_packages_on_parent_id" ON "content_packages" ("parent_id")[0m
SQLite3::SQLException: no such table: main.content_packages: CREATE  INDEX "index_content_packages_on_parent_id" ON "content_packages" ("parent_id")
  [1m[35m (0.4ms)[0m  rollback transaction
  [1m[36mActiveRecord::SchemaMigration Load (0.1ms)[0m  [1mSELECT "schema_migrations".* FROM "schema_migrations"[0m
Migrating to CreatePigContentPackages (20150522103016)
  [1m[35m (0.1ms)[0m  begin transaction
DEPRECATION WARNING: `#timestamp` was called without specifying an option for `null`. In Rails 5, this behavior will change to `null: false`. You should manually specify `null: true` to prevent the behavior of your existing migrations from changing. (called from block in change at /Users/Woodcock/Rails/Gems/pig/db/migrate/20150522103016_create_pig_content_packages.rb:19)
  [1m[36m (0.5ms)[0m  [1mCREATE TABLE "pig_content_packages" ("id" INTEGER PRIMARY KEY AUTOINCREMENT NOT NULL, "slug" varchar, "name" varchar, "content_type_id" integer, "position" integer DEFAULT 0, "parent_id" integer, "author_id" integer, "requested_by_id" integer, "status" varchar DEFAULT 'draft', "logged_in_only" boolean DEFAULT 'f', "hide_from_robots" boolean DEFAULT 'f', "notes" text, "due_date" date, "review_frequency" integer, "next_review" date, "deleted_at" datetime, "created_at" datetime, "updated_at" datetime) [0m
  [1m[35m (0.0ms)[0m  select sqlite_version(*)
  [1m[36m (0.1ms)[0m  [1mCREATE  INDEX "index_pig_content_packages_on_parent_id" ON "pig_content_packages" ("parent_id")[0m
  [1m[35m (0.1ms)[0m              SELECT sql
            FROM sqlite_master
            WHERE name='index_pig_content_packages_on_parent_id' AND type='index'
            UNION ALL
            SELECT sql
            FROM sqlite_temp_master
            WHERE name='index_pig_content_packages_on_parent_id' AND type='index'

  [1m[36m (0.1ms)[0m  [1mCREATE  INDEX "index_pig_content_packages_on_slug" ON "pig_content_packages" ("slug")[0m
  [1m[35mSQL (0.1ms)[0m  INSERT INTO "schema_migrations" ("version") VALUES (?)  [["version", "20150522103016"]]
  [1m[36m (1.0ms)[0m  [1mcommit transaction[0m
  [1m[35mActiveRecord::SchemaMigration Load (0.1ms)[0m  SELECT "schema_migrations".* FROM "schema_migrations"
  [1m[36m (0.1ms)[0m  [1m            SELECT sql
            FROM sqlite_master
            WHERE name='index_pig_content_packages_on_slug' AND type='index'
            UNION ALL
            SELECT sql
            FROM sqlite_temp_master
            WHERE name='index_pig_content_packages_on_slug' AND type='index'
[0m
  [1m[35m (0.1ms)[0m              SELECT sql
            FROM sqlite_master
            WHERE name='index_pig_content_packages_on_parent_id' AND type='index'
            UNION ALL
            SELECT sql
            FROM sqlite_temp_master
            WHERE name='index_pig_content_packages_on_parent_id' AND type='index'

